Arguments: 
  C:\Program Files\nodejs\node.exe C:\Program Files (x86)\Yarn\bin\yarn.js install

PATH: 
  C:\Users\micha\bin;C:\Program Files\Git\mingw64\bin;C:\Program Files\Git\usr\local\bin;C:\Program Files\Git\usr\bin;C:\Program Files\Git\usr\bin;C:\Program Files\Git\mingw64\bin;C:\Program Files\Git\usr\bin;C:\Users\micha\bin;C:\Program Files\ConEmu\ConEmu\Scripts;C:\Program Files\ConEmu;C:\Program Files\ConEmu\ConEmu;C:\ProgramData\Oracle\Java\javapath;C:\Program Files (x86)\Intel\iCLS Client;C:\Program Files\Intel\iCLS Client;C:\Windows\system32;C:\Windows;C:\Windows\System32\Wbem;C:\Windows\System32\WindowsPowerShell\v1.0;C:\Program Files (x86)\Intel\Intel(R) Management Engine Components\DAL;C:\Program Files\Intel\Intel(R) Management Engine Components\DAL;C:\Program Files (x86)\Intel\Intel(R) Management Engine Components\IPT;C:\Program Files\Intel\Intel(R) Management Engine Components\IPT;C:\Program Files\Intel\WiFi\bin;C:\Program Files\Common Files\Intel\WirelessCommon;C:\Program Files\Git\cmd;C:\Program Files (x86)\Yarn\bin;C:\Program Files\Geth;C:\Program Files\nodejs;C:\Users\micha\AppData\Local\Microsoft\WindowsApps;C:\Program Files\Intel\WiFi\bin;C:\Program Files\Common Files\Intel\WirelessCommon;C:\Program Files\Microsoft VS Code\bin;C:\Program Files\nodejs\node_modules\npm\bin;C:\Users\micha\AppData\Local\Yarn\bin;C:\Users\micha\AppData\Roaming\npm;C:\Program Files\Git\usr\bin\vendor_perl;C:\Program Files\Git\usr\bin\core_perl

Yarn version: 
  1.3.2

Node version: 
  8.9.4

Platform: 
  win32 x64

npm manifest: 
  {
    "name": "ngrx-basic",
    "version": "0.0.0",
    "license": "MIT",
    "scripts": {
      "ng": "ng",
      "start": "ng serve",
      "build": "ng build",
      "test": "ng test",
      "lint": "ng lint",
      "e2e": "ng e2e",
      "apps:affected": "./node_modules/.bin/nx affected apps",
      "build:affected": "./node_modules/.bin/nx affected build",
      "e2e:affected": "./node_modules/.bin/nx affected e2e",
      "affected:apps": "./node_modules/.bin/nx affected apps",
      "affected:build": "./node_modules/.bin/nx affected build",
      "affected:e2e": "./node_modules/.bin/nx affected e2e",
      "format": "./node_modules/.bin/nx format write",
      "format:write": "./node_modules/.bin/nx format write",
      "format:check": "./node_modules/.bin/nx format check",
      "nx-migrate": "./node_modules/.bin/nx migrate",
      "nx-migrate:check": "./node_modules/.bin/nx migrate check",
      "nx-migrate:skip": "./node_modules/.bin/nx migrate skip",
      "postinstall": "./node_modules/.bin/nx migrate check"
    },
    "private": true,
    "dependencies": {
      "@angular/animations": "^5.2.0",
      "@angular/common": "^5.2.0",
      "@angular/compiler": "^5.2.0",
      "@angular/core": "^5.2.0",
      "@angular/forms": "^5.2.0",
      "@angular/platform-browser": "^5.2.0",
      "@angular/platform-browser-dynamic": "^5.2.0",
      "@angular/router": "^5.2.0",
      "core-js": "^2.4.1",
      "rxjs": "^5.5.6",
      "zone.js": "^0.8.19",
      "@nrwl/nx": "0.7.4",
      "@ngrx/effects": "5.1.0",
      "@ngrx/entity": "5.1.0",
      "@ngrx/router-store": "5.0.1",
      "@ngrx/store": "5.1.0",
      "@ngrx/store-devtools": "5.1.0",
      "ngrx-store-freeze": "0.2.1"
    },
    "devDependencies": {
      "@angular/cli": "file:.angular_cli165.tgz",
      "@angular/compiler-cli": "^5.2.0",
      "@angular-devkit/core": "^0.0.29",
      "@angular-devkit/schematics": "0.0.52",
      "@schematics/angular": "0.1.17",
      "@nrwl/schematics": "0.7.4",
      "@angular/language-service": "^5.2.0",
      "@types/jasmine": "~2.5.53",
      "@types/jasminewd2": "~2.0.2",
      "@types/node": "~6.0.60",
      "codelyzer": "^4.0.1",
      "jasmine-core": "~2.8.0",
      "jasmine-spec-reporter": "~4.2.1",
      "karma": "~2.0.0",
      "karma-chrome-launcher": "~2.2.0",
      "karma-cli": "~1.0.1",
      "karma-coverage-istanbul-reporter": "^1.2.1",
      "karma-jasmine": "~1.1.0",
      "karma-jasmine-html-reporter": "^0.2.2",
      "protractor": "~5.1.2",
      "ts-node": "~4.1.0",
      "tslint": "~5.9.1",
      "typescript": "2.6.2",
      "prettier": "1.10.2"
    }
  }

yarn manifest: 
  No manifest

Lockfile: 
  No lockfile

Trace: 
  Error: connect ETIMEDOUT 104.16.61.173:443
      at Object._errnoException (util.js:1022:11)
      at _exceptionWithHostPort (util.js:1044:20)
      at TCPConnectWrap.afterConnect [as oncomplete] (net.js:1182:14)
